[INFO][2025-05-14 20:13:52] Starting server with folders: ['/home/rafee/Documents/HTML']
[INFO][2025-05-14 20:13:52] Opening URL in browser: http://localhost:49152/
[INFO][2025-05-14 20:15:46] Stopping server...
[INFO][2025-05-14 20:15:46] Initiating server shutdown...
[INFO][2025-05-14 20:15:46] Shutting down connection executor...
[INFO][2025-05-14 20:15:46] Stopping file watcher with timeout...
[INFO][2025-05-14 20:15:46] File watcher stopped successfully
[INFO][2025-05-14 20:15:46] File watcher shutdown complete
[INFO][2025-05-14 20:15:46] Closing WebSocket connections...
[INFO][2025-05-14 20:15:46] Closing main server socket...
[INFO][2025-05-14 20:15:46] Cleaning up connection threads...
[INFO][2025-05-14 20:15:46] Server shutdown complete
[INFO][2025-05-14 20:15:54] Starting server with folders: ['/home/rafee/Documents/HTML']
[INFO][2025-05-14 20:15:54] Opening URL in browser: http://localhost:49153/
[INFO][2025-05-14 20:17:10] Stopping server...
[INFO][2025-05-14 20:17:10] Initiating server shutdown...
[INFO][2025-05-14 20:17:10] Shutting down connection executor...
[INFO][2025-05-14 20:17:10] Stopping file watcher with timeout...
[INFO][2025-05-14 20:17:10] File watcher stopped successfully
[INFO][2025-05-14 20:17:10] File watcher shutdown complete
[INFO][2025-05-14 20:17:10] Closing WebSocket connections...
[INFO][2025-05-14 20:17:10] Closing main server socket...
[INFO][2025-05-14 20:17:10] Cleaning up connection threads...
[INFO][2025-05-14 20:17:10] Server shutdown complete
[INFO][2025-05-14 20:17:27] Starting server with folders: ['/home/rafee/Documents/HTML']
[INFO][2025-05-14 20:17:27] Opening URL in browser: http://localhost:49154/
[INFO][2025-05-14 20:18:21] Stopping server...
[INFO][2025-05-14 20:18:21] Initiating server shutdown...
[INFO][2025-05-14 20:18:21] Shutting down connection executor...
[INFO][2025-05-14 20:18:21] Stopping file watcher with timeout...
[INFO][2025-05-14 20:18:21] File watcher stopped successfully
[INFO][2025-05-14 20:18:21] File watcher shutdown complete
[INFO][2025-05-14 20:18:21] Closing WebSocket connections...
[INFO][2025-05-14 20:18:21] Closing main server socket...
[INFO][2025-05-14 20:18:21] Cleaning up connection threads...
[INFO][2025-05-14 20:18:21] Server shutdown complete
[INFO][2025-05-14 20:18:23] Starting server with folders: ['/home/rafee/Documents/HTML']
[INFO][2025-05-14 20:18:23] Opening URL in browser: http://localhost:49155/
[INFO][2025-05-14 20:21:37] Starting server with folders: ['/home/rafee/Documents/HTML/New Folder']
[INFO][2025-05-14 20:21:37] Opening URL in browser: http://localhost:49152/
[INFO][2025-05-14 20:25:27] Stopping server...
[INFO][2025-05-14 20:25:27] Initiating server shutdown...
[INFO][2025-05-14 20:25:27] Shutting down connection executor...
[INFO][2025-05-14 20:25:27] Stopping file watcher with timeout...
[INFO][2025-05-14 20:25:27] File watcher stopped successfully
[INFO][2025-05-14 20:25:27] File watcher shutdown complete
[INFO][2025-05-14 20:25:27] Closing WebSocket connections...
[INFO][2025-05-14 20:25:27] Closing main server socket...
[INFO][2025-05-14 20:25:27] Cleaning up connection threads...
[INFO][2025-05-14 20:25:27] Server shutdown complete
[INFO][2025-05-14 20:25:38] Starting server with folders: ['/home/rafee/Documents/HTML/New Folder']
[INFO][2025-05-14 20:25:38] Opening URL in browser: http://localhost:49153/
[INFO][2025-05-14 20:27:35] Stopping server...
[INFO][2025-05-14 20:27:35] Initiating server shutdown...
[INFO][2025-05-14 20:27:35] Shutting down connection executor...
[INFO][2025-05-14 20:27:35] Stopping file watcher with timeout...
[INFO][2025-05-14 20:27:35] File watcher stopped successfully
[INFO][2025-05-14 20:27:35] File watcher shutdown complete
[INFO][2025-05-14 20:27:35] Closing WebSocket connections...
[INFO][2025-05-14 20:27:35] Closing main server socket...
[INFO][2025-05-14 20:27:35] Cleaning up connection threads...
[INFO][2025-05-14 20:27:35] Server shutdown complete
[INFO][2025-05-14 20:27:38] Starting server with folders: ['/home/rafee/Documents/HTML/New Folder']
[INFO][2025-05-14 20:27:38] Opening URL in browser: http://localhost:49154/
[INFO][2025-05-14 20:28:26] Stopping server...
[INFO][2025-05-14 20:28:26] Initiating server shutdown...
[INFO][2025-05-14 20:28:26] Shutting down connection executor...
[INFO][2025-05-14 20:28:26] Stopping file watcher with timeout...
[INFO][2025-05-14 20:28:26] File watcher stopped successfully
[INFO][2025-05-14 20:28:26] File watcher shutdown complete
[INFO][2025-05-14 20:28:26] Closing WebSocket connections...
[INFO][2025-05-14 20:28:26] Closing main server socket...
[INFO][2025-05-14 20:28:26] Cleaning up connection threads...
[INFO][2025-05-14 20:28:26] Server shutdown complete
