[INFO][2025-05-15 01:56:40] Starting server with folders: ['/home/rafee/Documents/HTML/New Folder']
[INFO][2025-05-15 01:56:40] Opening URL in browser: http://localhost:49152/
[INFO][2025-05-15 01:57:20] Stopping server...
[INFO][2025-05-15 01:57:20] Initiating server shutdown...
[INFO][2025-05-15 01:57:20] Shutting down connection executor...
[INFO][2025-05-15 01:57:20] Stopping file watcher with timeout...
[INFO][2025-05-15 01:57:20] File watcher stopped successfully
[INFO][2025-05-15 01:57:20] File watcher shutdown complete
[INFO][2025-05-15 01:57:20] Closing WebSocket connections...
[INFO][2025-05-15 01:57:20] Closing main server socket...
[INFO][2025-05-15 01:57:20] Cleaning up connection threads...
[INFO][2025-05-15 01:57:20] Server shutdown complete
[INFO][2025-05-15 01:57:30] Starting server with folders: ['/home/rafee/Documents/HTML/New Folder']
[INFO][2025-05-15 01:57:30] Opening URL in browser: http://localhost:49153/
[INFO][2025-05-15 01:57:40] Opening URL in browser: http://localhost:49153/form.html
[INFO][2025-05-15 02:01:26] Starting server with folders: ['/home/rafee/Documents/HTML/New Folder']
[INFO][2025-05-15 02:01:26] Opening URL in browser: http://localhost:49152/
[INFO][2025-05-15 02:01:44] Opening URL in browser: http://localhost:49152/form.html
[INFO][2025-05-15 02:02:55] Stopping server...
[INFO][2025-05-15 02:02:55] Initiating server shutdown...
[INFO][2025-05-15 02:02:55] Shutting down connection executor...
[INFO][2025-05-15 02:02:55] Stopping file watcher with timeout...
[INFO][2025-05-15 02:02:55] File watcher stopped successfully
[INFO][2025-05-15 02:02:55] File watcher shutdown complete
[INFO][2025-05-15 02:02:55] Closing WebSocket connections...
[INFO][2025-05-15 02:02:55] Closing main server socket...
[INFO][2025-05-15 02:02:55] Cleaning up connection threads...
[INFO][2025-05-15 02:02:55] Server shutdown complete
[INFO][2025-05-15 02:09:11] Starting server with folders: ['/home/rafee/Documents/HTML/New Folder']
[INFO][2025-05-15 02:09:11] Opening URL in browser: http://localhost:49153/
[INFO][2025-05-15 02:21:46] Stopping server...
[INFO][2025-05-15 02:21:46] Initiating server shutdown...
[INFO][2025-05-15 02:21:46] Shutting down connection executor...
[INFO][2025-05-15 02:21:46] Stopping file watcher with timeout...
[INFO][2025-05-15 02:21:46] File watcher stopped successfully
[INFO][2025-05-15 02:21:46] File watcher shutdown complete
[INFO][2025-05-15 02:21:46] Closing WebSocket connections...
[INFO][2025-05-15 02:21:46] Closing main server socket...
[INFO][2025-05-15 02:21:46] Cleaning up connection threads...
[INFO][2025-05-15 02:21:46] Server shutdown complete
[INFO][2025-05-15 02:37:09] Starting server with folders: ['/home/rafee/Documents/HTML/New Folder']
[INFO][2025-05-15 02:37:09] Opening URL in browser: http://localhost:49152/
